
Profiling started at Wed Dec  5 15:56:24 2018
Profiling stopped at Wed Dec  5 15:56:29 2018

-- OProfile/operf Statistics --
Nr. non-backtrace samples: 4590
Nr. kernel samples: 214
Nr. user space samples: 4376
Nr. samples lost due to sample address not in expected range for domain: 0
Nr. lost kernel samples: 0
Nr. samples lost due to sample file open failure: 0
Nr. samples lost due to no permanent mapping: 390
Nr. user context kernel samples lost due to no app info available: 0
Nr. user samples lost due to no app info available: 0
Nr. backtraces skipped due to no file mapping: 388
Nr. hypervisor samples dropped due to address out-of-range: 0
Nr. samples lost reported by perf_events kernel: 0

Profiling started at Wed Dec  5 15:57:54 2018
Profiling stopped at Wed Dec  5 15:58:01 2018

-- OProfile/operf Statistics --
Nr. non-backtrace samples: 3405
Nr. kernel samples: 143
Nr. user space samples: 3262
Nr. samples lost due to sample address not in expected range for domain: 0
Nr. lost kernel samples: 0
Nr. samples lost due to sample file open failure: 0
Nr. samples lost due to no permanent mapping: 4
Nr. user context kernel samples lost due to no app info available: 0
Nr. user samples lost due to no app info available: 0
Nr. backtraces skipped due to no file mapping: 2
Nr. hypervisor samples dropped due to address out-of-range: 0
Nr. samples lost reported by perf_events kernel: 0
